2021-Sep-10 12:04:27 pm [TestNG-PoolService-0] DEBUG StepDefs.StepDefs - browser is maximised
2021-Sep-10 12:04:32 pm [TestNG-PoolService-0] DEBUG StepDefs.StepDefs - deleted cookies
2021-Sep-10 12:05:12 pm [TestNG-PoolService-0] DEBUG StepDefs.StepDefs - url navigated
2021-Sep-10 12:05:21 pm [TestNG-PoolService-0] DEBUG StepDefs.StepDefs - clicked on sign in link
2021-Sep-10 12:05:21 pm [TestNG-PoolService-0] DEBUG StepDefs.HooksDefs - Each step hook is executed, screen shot is taken
2021-Sep-10 12:05:23 pm [TestNG-PoolService-0] DEBUG StepDefs.StepDefs - email address is entered:signup@example.com
2021-Sep-10 12:05:23 pm [TestNG-PoolService-0] DEBUG StepDefs.StepDefs - password is entered: 26April@2015
2021-Sep-10 12:05:30 pm [TestNG-PoolService-0] DEBUG StepDefs.StepDefs - clicked button
2021-Sep-10 12:05:38 pm [TestNG-PoolService-0] DEBUG StepDefs.StepDefs - clicked on t-shirt link
2021-Sep-10 12:05:38 pm [TestNG-PoolService-0] DEBUG StepDefs.StepDefs - category T-shirt is selected
2021-Sep-10 12:05:38 pm [TestNG-PoolService-0] DEBUG StepDefs.HooksDefs - Each step hook is executed, screen shot is taken
2021-Sep-10 12:05:38 pm [TestNG-PoolService-0] DEBUG StepDefs.StepDefs - clicked on checkbox
2021-Sep-10 12:05:42 pm [TestNG-PoolService-0] DEBUG StepDefs.StepDefs - clicked on image
2021-Sep-10 12:05:42 pm [TestNG-PoolService-0] DEBUG StepDefs.StepDefs - product is selected
2021-Sep-10 12:05:42 pm [TestNG-PoolService-0] DEBUG StepDefs.HooksDefs - Each step hook is executed, screen shot is taken
2021-Sep-10 12:05:43 pm [TestNG-PoolService-0] DEBUG StepDefs.StepDefs - amount fetched
2021-Sep-10 12:05:43 pm [TestNG-PoolService-0] DEBUG StepDefs.HooksDefs - Each step hook is executed, screen shot is taken
2021-Sep-10 12:05:43 pm [TestNG-PoolService-0] DEBUG StepDefs.StepDefs - blue colour link clicked
2021-Sep-10 12:05:43 pm [TestNG-PoolService-0] DEBUG StepDefs.StepDefs - quantity is increased by 2
2021-Sep-10 12:05:43 pm [TestNG-PoolService-0] DEBUG StepDefs.StepDefs - size L is selected
2021-Sep-10 12:05:43 pm [TestNG-PoolService-0] DEBUG StepDefs.StepDefs - added to cart
2021-Sep-10 12:05:43 pm [TestNG-PoolService-0] DEBUG StepDefs.HooksDefs - Each step hook is executed, screen shot is taken
2021-Sep-10 12:05:43 pm [TestNG-PoolService-0] DEBUG StepDefs.HooksDefs - Each step hook is executed, screen shot is taken
2021-Sep-10 12:05:54 pm [TestNG-PoolService-0] DEBUG StepDefs.StepDefs - order summary is displayed
2021-Sep-10 12:05:54 pm [TestNG-PoolService-0] DEBUG StepDefs.HooksDefs - Each step hook is executed, screen shot is taken
2021-Sep-10 12:06:03 pm [TestNG-PoolService-0] DEBUG StepDefs.StepDefs - button clicked
2021-Sep-10 12:06:03 pm [TestNG-PoolService-0] DEBUG StepDefs.HooksDefs - Each step hook is executed, screen shot is taken
2021-Sep-10 12:06:14 pm [TestNG-PoolService-0] DEBUG StepDefs.StepDefs - clicked proceed to checkout
2021-Sep-10 12:06:14 pm [TestNG-PoolService-0] DEBUG StepDefs.HooksDefs - Each step hook is executed, screen shot is taken
2021-Sep-10 12:06:18 pm [TestNG-PoolService-0] DEBUG StepDefs.StepDefs - payment option is selected
2021-Sep-10 12:06:31 pm [TestNG-PoolService-0] DEBUG StepDefs.StepDefs - button clicked
2021-Sep-10 12:06:31 pm [TestNG-PoolService-0] DEBUG StepDefs.HooksDefs - Each step hook is executed, screen shot is taken
2021-Sep-10 12:06:31 pm [TestNG-PoolService-0] DEBUG StepDefs.StepDefs - order completed
2021-Sep-10 12:06:31 pm [TestNG-PoolService-0] DEBUG StepDefs.HooksDefs - Each step hook is executed, screen shot is taken
