2021-Sep-09 13:03:16 pm [TestNG-PoolService-0] DEBUG StepDefs.StepDefs - browser is maximised
2021-Sep-09 13:03:16 pm [TestNG-PoolService-0] DEBUG StepDefs.StepDefs - deleted cookies
2021-Sep-09 13:03:32 pm [TestNG-PoolService-0] DEBUG StepDefs.StepDefs - url navigated
2021-Sep-09 13:03:45 pm [TestNG-PoolService-0] DEBUG StepDefs.StepDefs - clicked on sign in link
2021-Sep-09 13:03:49 pm [TestNG-PoolService-0] DEBUG StepDefs.StepDefs - Each step hook is executed, screen shot is taken
2021-Sep-09 13:03:52 pm [TestNG-PoolService-0] DEBUG StepDefs.StepDefs - email address is entered:signup@example.com
2021-Sep-09 13:03:52 pm [TestNG-PoolService-0] DEBUG StepDefs.StepDefs - password is entered: 26April@2015
2021-Sep-09 13:03:57 pm [TestNG-PoolService-0] DEBUG StepDefs.StepDefs - clicked button
2021-Sep-09 13:04:04 pm [TestNG-PoolService-0] DEBUG StepDefs.StepDefs - clicked on t-shirt link
2021-Sep-09 13:04:04 pm [TestNG-PoolService-0] DEBUG StepDefs.StepDefs - category Tshirt is selected
2021-Sep-09 13:04:04 pm [TestNG-PoolService-0] DEBUG StepDefs.StepDefs - Each step hook is executed, screen shot is taken
2021-Sep-09 13:04:05 pm [TestNG-PoolService-0] DEBUG StepDefs.StepDefs - clicked on checkbox
2021-Sep-09 13:04:09 pm [TestNG-PoolService-0] DEBUG StepDefs.StepDefs - clicked on link
2021-Sep-09 13:04:09 pm [TestNG-PoolService-0] DEBUG StepDefs.StepDefs - product is selected
2021-Sep-09 13:04:09 pm [TestNG-PoolService-0] DEBUG StepDefs.StepDefs - Each step hook is executed, screen shot is taken
2021-Sep-09 13:04:10 pm [TestNG-PoolService-0] DEBUG StepDefs.StepDefs - amount fetched
2021-Sep-09 13:04:10 pm [TestNG-PoolService-0] DEBUG StepDefs.StepDefs - Each step hook is executed, screen shot is taken
2021-Sep-09 13:04:10 pm [TestNG-PoolService-0] DEBUG StepDefs.StepDefs - blue colour link clicked
2021-Sep-09 13:04:11 pm [TestNG-PoolService-0] DEBUG StepDefs.StepDefs - quantity is increased by 2
2021-Sep-09 13:04:13 pm [TestNG-PoolService-0] DEBUG StepDefs.StepDefs - size L is selected
2021-Sep-09 13:04:13 pm [TestNG-PoolService-0] DEBUG StepDefs.StepDefs - added to cart
2021-Sep-09 13:04:13 pm [TestNG-PoolService-0] DEBUG StepDefs.StepDefs - Each step hook is executed, screen shot is taken
2021-Sep-09 13:04:14 pm [TestNG-PoolService-0] DEBUG StepDefs.StepDefs - Each step hook is executed, screen shot is taken
2021-Sep-09 13:04:23 pm [TestNG-PoolService-0] DEBUG StepDefs.StepDefs - order summary is displayed
2021-Sep-09 13:04:23 pm [TestNG-PoolService-0] DEBUG StepDefs.StepDefs - Each step hook is executed, screen shot is taken
2021-Sep-09 13:04:30 pm [TestNG-PoolService-0] DEBUG StepDefs.StepDefs - button clicked
2021-Sep-09 13:04:30 pm [TestNG-PoolService-0] DEBUG StepDefs.StepDefs - Each step hook is executed, screen shot is taken
2021-Sep-09 13:04:36 pm [TestNG-PoolService-0] DEBUG StepDefs.StepDefs - clicked proceed to checkout
2021-Sep-09 13:04:36 pm [TestNG-PoolService-0] DEBUG StepDefs.StepDefs - Each step hook is executed, screen shot is taken
2021-Sep-09 13:04:38 pm [TestNG-PoolService-0] DEBUG StepDefs.StepDefs - payment option is selected
2021-Sep-09 13:04:42 pm [TestNG-PoolService-0] DEBUG StepDefs.StepDefs - Each step hook is executed, screen shot is taken
2021-Sep-09 13:04:43 pm [TestNG-PoolService-0] DEBUG StepDefs.StepDefs - Each step hook is executed, screen shot is taken
