2021-Sep-09 13:42:48 pm [TestNG-PoolService-2] DEBUG StepDefs.StepDefs - browser is maximised
2021-Sep-09 13:42:48 pm [TestNG-PoolService-0] DEBUG StepDefs.StepDefs - browser is maximised
2021-Sep-09 13:42:48 pm [TestNG-PoolService-3] DEBUG StepDefs.StepDefs - browser is maximised
2021-Sep-09 13:42:48 pm [TestNG-PoolService-1] DEBUG StepDefs.StepDefs - browser is maximised
2021-Sep-09 13:42:49 pm [TestNG-PoolService-0] DEBUG StepDefs.StepDefs - deleted cookies
2021-Sep-09 13:42:49 pm [TestNG-PoolService-3] DEBUG StepDefs.StepDefs - deleted cookies
2021-Sep-09 13:42:49 pm [TestNG-PoolService-2] DEBUG StepDefs.StepDefs - deleted cookies
2021-Sep-09 13:42:49 pm [TestNG-PoolService-1] DEBUG StepDefs.StepDefs - deleted cookies
2021-Sep-09 13:42:49 pm [TestNG-PoolService-2] DEBUG StepDefs.HooksDefs - Each step hook is executed, screen shot is taken
2021-Sep-09 13:44:07 pm [TestNG-PoolService-2] DEBUG StepDefs.StepDefs - url navigated
2021-Sep-09 13:44:07 pm [TestNG-PoolService-0] DEBUG StepDefs.StepDefs - url navigated
2021-Sep-09 13:44:07 pm [TestNG-PoolService-1] DEBUG StepDefs.StepDefs - url navigated
2021-Sep-09 13:44:07 pm [TestNG-PoolService-2] DEBUG StepDefs.HooksDefs - Each step hook is executed, screen shot is taken
2021-Sep-09 13:44:07 pm [TestNG-PoolService-3] DEBUG StepDefs.StepDefs - url navigated
2021-Sep-09 13:44:20 pm [TestNG-PoolService-3] DEBUG StepDefs.StepDefs - clicked on sign in link
2021-Sep-09 13:44:20 pm [TestNG-PoolService-0] DEBUG StepDefs.StepDefs - clicked on sign in link
2021-Sep-09 13:44:20 pm [TestNG-PoolService-1] DEBUG StepDefs.StepDefs - clicked on sign in link
2021-Sep-09 13:44:20 pm [TestNG-PoolService-3] DEBUG StepDefs.HooksDefs - Each step hook is executed, screen shot is taken
2021-Sep-09 13:44:20 pm [TestNG-PoolService-0] DEBUG StepDefs.HooksDefs - Each step hook is executed, screen shot is taken
2021-Sep-09 13:44:20 pm [TestNG-PoolService-1] DEBUG StepDefs.HooksDefs - Each step hook is executed, screen shot is taken
2021-Sep-09 13:44:20 pm [TestNG-PoolService-1] DEBUG StepDefs.HooksDefs - Each step hook is executed, screen shot is taken
2021-Sep-09 13:44:20 pm [TestNG-PoolService-2] DEBUG StepDefs.StepDefs - clicked on sign in link
2021-Sep-09 13:44:20 pm [TestNG-PoolService-2] DEBUG StepDefs.HooksDefs - Each step hook is executed, screen shot is taken
2021-Sep-09 13:44:24 pm [TestNG-PoolService-0] DEBUG StepDefs.StepDefs - email address is entered:signup@example.com
2021-Sep-09 13:44:24 pm [TestNG-PoolService-3] DEBUG StepDefs.StepDefs - email address is entered:signup@example.com
2021-Sep-09 13:44:24 pm [TestNG-PoolService-3] DEBUG StepDefs.StepDefs - password is entered: 26April@2015
2021-Sep-09 13:44:24 pm [TestNG-PoolService-0] DEBUG StepDefs.StepDefs - password is entered: 26April@2015
2021-Sep-09 13:44:24 pm [TestNG-PoolService-2] DEBUG StepDefs.StepDefs - email id is entered: signup@example.com
2021-Sep-09 13:44:24 pm [TestNG-PoolService-2] DEBUG StepDefs.HooksDefs - Each step hook is executed, screen shot is taken
2021-Sep-09 13:44:28 pm [TestNG-PoolService-0] DEBUG StepDefs.StepDefs - clicked button
2021-Sep-09 13:44:28 pm [TestNG-PoolService-3] DEBUG StepDefs.StepDefs - clicked button
2021-Sep-09 13:44:40 pm [TestNG-PoolService-0] DEBUG StepDefs.StepDefs - clicked on t-shirt link
2021-Sep-09 13:44:40 pm [TestNG-PoolService-0] DEBUG StepDefs.StepDefs - category Tshirt is selected
2021-Sep-09 13:44:40 pm [TestNG-PoolService-0] DEBUG StepDefs.HooksDefs - Each step hook is executed, screen shot is taken
2021-Sep-09 13:44:40 pm [TestNG-PoolService-0] DEBUG StepDefs.StepDefs - clicked on checkbox
2021-Sep-09 13:44:41 pm [TestNG-PoolService-3] DEBUG StepDefs.StepDefs - clicked on t-shirt link
2021-Sep-09 13:44:41 pm [TestNG-PoolService-3] DEBUG StepDefs.StepDefs - category Tshirt is selected
2021-Sep-09 13:44:41 pm [TestNG-PoolService-3] DEBUG StepDefs.HooksDefs - Each step hook is executed, screen shot is taken
2021-Sep-09 13:44:41 pm [TestNG-PoolService-3] DEBUG StepDefs.StepDefs - clicked on checkbox
2021-Sep-09 13:44:49 pm [TestNG-PoolService-3] DEBUG StepDefs.StepDefs - clicked on link
2021-Sep-09 13:44:49 pm [TestNG-PoolService-3] DEBUG StepDefs.StepDefs - product is selected
2021-Sep-09 13:44:49 pm [TestNG-PoolService-3] DEBUG StepDefs.HooksDefs - Each step hook is executed, screen shot is taken
2021-Sep-09 13:44:49 pm [TestNG-PoolService-0] DEBUG StepDefs.StepDefs - clicked on link
2021-Sep-09 13:44:49 pm [TestNG-PoolService-0] DEBUG StepDefs.StepDefs - product is selected
2021-Sep-09 13:44:49 pm [TestNG-PoolService-0] DEBUG StepDefs.HooksDefs - Each step hook is executed, screen shot is taken
2021-Sep-09 13:44:49 pm [TestNG-PoolService-3] DEBUG StepDefs.StepDefs - clicked link
2021-Sep-09 13:44:49 pm [TestNG-PoolService-3] DEBUG StepDefs.HooksDefs - Each step hook is executed, screen shot is taken
2021-Sep-09 13:44:49 pm [TestNG-PoolService-0] DEBUG StepDefs.StepDefs - amount fetched
2021-Sep-09 13:44:49 pm [TestNG-PoolService-0] DEBUG StepDefs.HooksDefs - Each step hook is executed, screen shot is taken
2021-Sep-09 13:44:49 pm [TestNG-PoolService-3] DEBUG StepDefs.StepDefs - title is entered
2021-Sep-09 13:44:49 pm [TestNG-PoolService-0] DEBUG StepDefs.StepDefs - blue colour link clicked
2021-Sep-09 13:44:49 pm [TestNG-PoolService-3] DEBUG StepDefs.StepDefs - content is entered
2021-Sep-09 13:44:49 pm [TestNG-PoolService-3] DEBUG StepDefs.StepDefs - clicked on link
2021-Sep-09 13:44:49 pm [TestNG-PoolService-3] DEBUG StepDefs.HooksDefs - Each step hook is executed, screen shot is taken
2021-Sep-09 13:44:49 pm [TestNG-PoolService-3] DEBUG StepDefs.HooksDefs - Each step hook is executed, screen shot is taken
2021-Sep-09 13:44:55 pm [TestNG-PoolService-2] DEBUG StepDefs.HooksDefs - Each step hook is executed, screen shot is taken
2021-Sep-09 13:45:19 pm [TestNG-PoolService-0] DEBUG StepDefs.HooksDefs - Each step hook is executed, screen shot is taken
